c:\users\student\source\repos\physicsdll\physicsdll\debug\vc142.pdb
c:\users\student\source\repos\physicsdll\physicsdll\debug\vc142.idb
c:\users\student\source\repos\physicsdll\physicsdll\debug\physicsworld.obj
c:\users\student\source\repos\physicsdll\physicsdll\debug\physicsplugin.obj
c:\users\student\source\repos\physicsdll\debug\physicsdll.dll
c:\users\student\source\repos\physicsdll\debug\physicsdll.ilk
c:\users\student\source\repos\physicsdll\debug\physicsdll.pdb
c:\users\student\source\repos\physicsdll\debug\physicsdll.lib
c:\users\student\source\repos\physicsdll\debug\physicsdll.exp
c:\users\student\source\repos\physicsdll\physicsdll\debug\vcpkg.applocal.log
c:\users\student\documents\jake_repos\gpr-350-101\physicsdll\physicsdll\debug\physicsplugin.obj
c:\users\student\documents\jake_repos\gpr-350-101\physicsdll\physicsdll\debug\physicsworld.obj
c:\users\student\documents\jake_repos\gpr-350-101\physicsdll\physicsdll\debug\vc142.idb
c:\users\student\documents\jake_repos\gpr-350-101\physicsdll\physicsdll\debug\vc142.pdb
c:\users\student\documents\jake_repos\gpr-350-101\physicsdll\debug\physicsdll.pdb
c:\users\student\documents\jake_repos\gpr-350-101\physicsdll\debug\physicsdll.dll
c:\users\student\documents\jake_repos\gpr-350-101\physicsdll\debug\physicsdll.ilk
c:\users\student\documents\jake_repos\gpr-350-101\physicsdll\physicsdll\debug\physicsdll.tlog\cl.command.1.tlog
c:\users\student\documents\jake_repos\gpr-350-101\physicsdll\physicsdll\debug\physicsdll.tlog\cl.read.1.tlog
c:\users\student\documents\jake_repos\gpr-350-101\physicsdll\physicsdll\debug\physicsdll.tlog\cl.write.1.tlog
c:\users\student\documents\jake_repos\gpr-350-101\physicsdll\physicsdll\debug\physicsdll.tlog\link.9280.delete.1.tlog
c:\users\student\documents\jake_repos\gpr-350-101\physicsdll\physicsdll\debug\physicsdll.tlog\link.command.1.tlog
c:\users\student\documents\jake_repos\gpr-350-101\physicsdll\physicsdll\debug\physicsdll.tlog\link.read.1.tlog
c:\users\student\documents\jake_repos\gpr-350-101\physicsdll\physicsdll\debug\physicsdll.tlog\link.write.1.tlog
c:\users\student\documents\jake_repos\gpr-350-101\physicsdll\physicsdll\debug\physicsdll.tlog\physicsdll.write.1u.tlog
